<?xml version="1.0" encoding="UTF-8"?>
<!-- Generated by org.testng.reporters.JUnitXMLReporter -->
<testsuite ignored="3" hostname="Balajis-MacBook-Pro.local" failures="0" tests="1" name="Default test" time="0.081" errors="0" timestamp="2023-06-16T11:44:45 IST">
  <testcase classname="com.brillio.test.ZDemo1Test" name="demo" time="0.019"/>
  <testcase classname="com.brillio.test.ZDemo1Test" name="readProperties" time="0.0">
    <ignored/>
  </testcase> <!-- readProperties -->
  <testcase classname="com.brillio.test.ZDemo1Test" name="demoValid2Test" time="0.0">
    <ignored/>
  </testcase> <!-- demoValid2Test -->
  <testcase classname="com.brillio.test.ZDemo1Test" name="demoValidTest" time="0.0">
    <ignored/>
  </testcase> <!-- demoValidTest -->
</testsuite> <!-- Default test -->
