<?xml version="1.0" encoding="UTF-8"?>
<!-- Generated by org.testng.reporters.JUnitXMLReporter -->
<testsuite ignored="0" hostname="Balajis-MacBook-Pro.local" failures="0" tests="3" name="Default test" time="0.069" errors="0" timestamp="2023-06-16T09:42:25 IST">
  <testcase classname="com.brillio.test.ZDemo1Test" name="demoValidTest" time="0.007"/>
  <testcase classname="com.brillio.test.ZDemo1Test" name="demoValidTest" time="0.001"/>
  <testcase classname="com.brillio.test.ZDemo1Test" name="demoValidTest" time="0.002"/>
</testsuite> <!-- Default test -->
