<?xml version="1.0" encoding="UTF-8"?>
<testng-results ignored="0" total="2" passed="2" failed="0" skipped="0">
  <reporter-output>
  </reporter-output>
  <suite started-at="2023-06-16T10:09:22 IST" name="Default suite" finished-at="2023-06-16T10:10:20 IST" duration-ms="58174">
    <groups>
    </groups>
    <test started-at="2023-06-16T10:09:22 IST" name="Default test" finished-at="2023-06-16T10:10:20 IST" duration-ms="58174">
      <class name="com.brillio.test.LoginTest">
        <test-method is-config="true" signature="setup()[pri:0, instance:com.brillio.test.LoginTest@647e447]" started-at="2023-06-16T10:09:22 IST" name="setup" finished-at="2023-06-16T10:09:41 IST" duration-ms="18260" status="PASS">
          <reporter-output>
          </reporter-output>
        </test-method> <!-- setup -->
        <test-method signature="invalidLoginTest(java.lang.String,java.lang.String,java.lang.String)[pri:0, instance:com.brillio.test.LoginTest@647e447]" started-at="2023-06-16T10:09:41 IST" name="invalidLoginTest" data-provider="invalidLoginData" finished-at="2023-06-16T10:09:57 IST" duration-ms="15952" status="PASS">
          <params>
            <param index="0">
              <value>
                <![CDATA[saul]]>
              </value>
            </param>
            <param index="1">
              <value>
                <![CDATA[saul123]]>
              </value>
            </param>
            <param index="2">
              <value>
                <![CDATA[There was an issue signing in]]>
              </value>
            </param>
          </params>
          <reporter-output>
          </reporter-output>
        </test-method> <!-- invalidLoginTest -->
        <test-method is-config="true" signature="teardown()[pri:0, instance:com.brillio.test.LoginTest@647e447]" started-at="2023-06-16T10:09:57 IST" name="teardown" finished-at="2023-06-16T10:09:57 IST" duration-ms="783" status="PASS">
          <reporter-output>
          </reporter-output>
        </test-method> <!-- teardown -->
        <test-method is-config="true" signature="setup()[pri:0, instance:com.brillio.test.LoginTest@647e447]" started-at="2023-06-16T10:09:57 IST" name="setup" finished-at="2023-06-16T10:10:06 IST" duration-ms="9061" status="PASS">
          <reporter-output>
          </reporter-output>
        </test-method> <!-- setup -->
        <test-method signature="invalidLoginTest(java.lang.String,java.lang.String,java.lang.String)[pri:0, instance:com.brillio.test.LoginTest@647e447]" started-at="2023-06-16T10:10:06 IST" name="invalidLoginTest" data-provider="invalidLoginData" finished-at="2023-06-16T10:10:19 IST" duration-ms="12726" status="PASS">
          <params>
            <param index="0">
              <value>
                <![CDATA[kim]]>
              </value>
            </param>
            <param index="1">
              <value>
                <![CDATA[kim123]]>
              </value>
            </param>
            <param index="2">
              <value>
                <![CDATA[There was an issue signing in]]>
              </value>
            </param>
          </params>
          <reporter-output>
          </reporter-output>
        </test-method> <!-- invalidLoginTest -->
        <test-method is-config="true" signature="teardown()[pri:0, instance:com.brillio.test.LoginTest@647e447]" started-at="2023-06-16T10:10:19 IST" name="teardown" finished-at="2023-06-16T10:10:20 IST" duration-ms="1266" status="PASS">
          <reporter-output>
          </reporter-output>
        </test-method> <!-- teardown -->
      </class> <!-- com.brillio.test.LoginTest -->
    </test> <!-- Default test -->
  </suite> <!-- Default suite -->
</testng-results>
