<?xml version="1.0" encoding="UTF-8"?>
<!-- Generated by org.testng.reporters.JUnitXMLReporter -->
<testsuite ignored="0" hostname="Balajis-MacBook-Pro.local" failures="0" tests="1" name="Android Pixel 4 Test" time="0.06" errors="0" timestamp="2023-06-16T12:39:54 IST">
  <testcase classname="com.brillio.base.AutomationWrapper" name="@BeforeMethod setup" time="-1.686899394642E9">
    <failure type="org.testng.TestNGException" message="
Parameter &amp;apos;deviceName&amp;apos; is required by BeforeMethod on method setup but has not been marked @Optional or defined
in /Users/balaji/Documents/Company/Brillio June 2023 Mac/appium_workspace/MobileFramework/testng.xml">
      <![CDATA[org.testng.TestNGException: 
Parameter 'deviceName' is required by BeforeMethod on method setup but has not been marked @Optional or defined
in /Users/balaji/Documents/Company/Brillio June 2023 Mac/appium_workspace/MobileFramework/testng.xml
at java.base/java.util.ArrayList.forEach(ArrayList.java:1511)
... Removed 28 stack frames]]>
    </failure>
  </testcase> <!-- @BeforeMethod setup -->
  <testcase classname="com.brillio.base.AutomationWrapper" name="@AfterMethod teardown" time="0.0">
    <skipped/>
  </testcase> <!-- @AfterMethod teardown -->
  <testcase classname="com.brillio.test.SignUpTest" name="validRegisterTest" time="0.0">
    <skipped/>
  </testcase> <!-- validRegisterTest -->
</testsuite> <!-- Android Pixel 4 Test -->
