<?xml version="1.0" encoding="UTF-8"?>
<!-- Generated by org.testng.reporters.JUnitXMLReporter -->
<testsuite ignored="1" hostname="Balajis-MacBook-Pro.local" failures="0" tests="1" name="Android Pixel 4 Test " time="0.054" errors="0" timestamp="2023-06-16T10:26:32 IST">
  <testcase classname="com.brillio.test.ZDemo1Test" name="demoValid2Test" time="0.011"/>
  <testcase classname="com.brillio.test.ZDemo1Test" name="demoValidTest" time="0.0">
    <ignored/>
  </testcase> <!-- demoValidTest -->
</testsuite> <!-- Android Pixel 4 Test  -->
